<!DOCTYPE html PUBLIC "-//W3C//DTD XHTML 1.1//EN" "http://www.w3.org/TR/xhtml11/DTD/xhtml11.dtd">
<html xmlns="http://www.w3.org/1999/xhtml"><head><title>TestNG Report</title><style type="text/css">table {margin-bottom:10px;border-collapse:collapse;empty-cells:show}th,td {border:1px solid #009;padding:.25em .5em}th {vertical-align:bottom}td {vertical-align:top}table a {font-weight:bold}.stripe td {background-color: #E6EBF9}.num {text-align:right}.passedodd td {background-color: #3F3}.passedeven td {background-color: #0A0}.skippedodd td {background-color: #DDD}.skippedeven td {background-color: #CCC}.failedodd td,.attn {background-color: #F33}.failedeven td,.stripe .attn {background-color: #D00}.stacktrace {white-space:pre;font-family:monospace}.totop {font-size:85%;text-align:center;border-bottom:2px solid #000}</style></head><body><table><tr><th>Test</th><th># Passed</th><th># Skipped</th><th># Failed</th><th>Time (ms)</th><th>Included Groups</th><th>Excluded Groups</th></tr><tr><th colspan="7">Suite</th></tr><tr><td><a href="#t0">Test</a></td><td class="num">18</td><td class="num">0</td><td class="num attn">2</td><td class="num">49,019</td><td></td><td></td></tr></table><table><thead><tr><th>Class</th><th>Method</th><th>Start</th><th>Time (ms)</th></tr></thead><tbody><tr><th colspan="4">Suite</th></tr></tbody><tbody id="t0"><tr><th colspan="4">Test &#8212; failed</th></tr><tr class="failedeven"><td rowspan="2">tests.HerokuAppDynamicControlsTestCases</td><td><a href="#m0">TestCaseClickAddButton</a></td><td rowspan="1">1729019499988</td><td rowspan="1">29</td></tr><tr class="failedeven"><td><a href="#m1">TestCaseClickDisableButton</a></td><td rowspan="1">1729019500065</td><td rowspan="1">18</td></tr><tr><th colspan="4">Test &#8212; passed</th></tr><tr class="passedeven"><td rowspan="1">tests.HerokuAppDynamicContentTestCases</td><td><a href="#m2">TestCaseVerifyContent</a></td><td rowspan="1">1729019491758</td><td rowspan="1">7633</td></tr><tr class="passedodd"><td rowspan="3">tests.HerokuAppDynamicControlsTestCases</td><td><a href="#m3">TestCaseClickEnableButton</a></td><td rowspan="1">1729019500022</td><td rowspan="1">42</td></tr><tr class="passedodd"><td><a href="#m4">TestCaseClickRemoveButton</a></td><td rowspan="1">1729019499939</td><td rowspan="1">49</td></tr><tr class="passedodd"><td><a href="#m5">TestCaseVerifyCheckbox</a></td><td rowspan="1">1729019499506</td><td rowspan="1">433</td></tr><tr class="passedeven"><td rowspan="1">tests.HerokuAppUploadTest</td><td><a href="#m6">TestCaseVerifyFileUpload</a></td><td rowspan="1">1729019486483</td><td rowspan="1">5170</td></tr><tr class="passedodd"><td rowspan="13">tests.PracticeFormTestCases</td><td><a href="#m7">TestCaseCheckHobbies1</a></td><td rowspan="1">1729019464458</td><td rowspan="1">53</td></tr><tr class="passedodd"><td><a href="#m8">TestCaseCheckHobbies2</a></td><td rowspan="1">1729019464511</td><td rowspan="1">45</td></tr><tr class="passedodd"><td><a href="#m9">TestCaseCheckHobbies3</a></td><td rowspan="1">1729019464556</td><td rowspan="1">3058</td></tr><tr class="passedodd"><td><a href="#m10">TestCaseEnterDOB</a></td><td rowspan="1">1729019454784</td><td rowspan="1">9447</td></tr><tr class="passedodd"><td><a href="#m11">TestCaseEnterFirstName</a></td><td rowspan="1">1729019451108</td><td rowspan="1">3205</td></tr><tr class="passedodd"><td><a href="#m12">TestCaseEnterLastName</a></td><td rowspan="1">1729019454314</td><td rowspan="1">92</td></tr><tr class="passedodd"><td><a href="#m13">TestCaseEnterNumber</a></td><td rowspan="1">1729019454681</td><td rowspan="1">103</td></tr><tr class="passedodd"><td><a href="#m14">TestCaseEnterSubjects</a></td><td rowspan="1">1729019464231</td><td rowspan="1">224</td></tr><tr class="passedodd"><td><a href="#m15">TestCaseEnterUserAddress</a></td><td rowspan="1">1729019470715</td><td rowspan="1">148</td></tr><tr class="passedodd"><td><a href="#m16">TestCaseEnterUserEmail</a></td><td rowspan="1">1729019454407</td><td rowspan="1">134</td></tr><tr class="passedodd"><td><a href="#m17">TestCaseEnterUserSateAndCity</a></td><td rowspan="1">1729019470863</td><td rowspan="1">15500</td></tr><tr class="passedodd"><td><a href="#m18">TestCaseSelectGender</a></td><td rowspan="1">1729019454542</td><td rowspan="1">138</td></tr><tr class="passedodd"><td><a href="#m19">TestCaseUploadProfilePicture</a></td><td rowspan="1">1729019467614</td><td rowspan="1">3098</td></tr></tbody></table><h2>Test</h2><h3 id="m0">tests.HerokuAppDynamicControlsTestCases#TestCaseClickAddButton</h3><table class="result"><tr><th>Exception</th></tr><tr><td><div class="stacktrace">org.openqa.selenium.InvalidSelectorException: invalid selector
from javascript error: {&quot;status&quot;:32,&quot;value&quot;:&quot;Unable to locate an element with the xpath expression //p[text()=&apos;It&apos;s gone!&apos;] because of the following error:\nSyntaxError: Failed to execute &apos;evaluate&apos; on &apos;Document&apos;: The string &apos;//p[text()=&apos;It&apos;s gone!&apos;]&apos; is not a valid XPath expression.&quot;}
  (Session info: chrome=129.0.6668.100)
For documentation on this error, please visit: https://www.selenium.dev/documentation/webdriver/troubleshooting/errors#invalid-selector-exception
Build info: version: &apos;4.20.0&apos;, revision: &apos;866c76ca80&apos;
System info: os.name: &apos;Windows 11&apos;, os.arch: &apos;amd64&apos;, os.version: &apos;10.0&apos;, java.version: &apos;17.0.11&apos;
Driver info: org.openqa.selenium.chrome.ChromeDriver
Command: [1871a32678ce16360af3c20a3d8f3849, findElement {value=//p[text()=&apos;It&apos;s gone!&apos;], using=xpath}]
Capabilities {acceptInsecureCerts: false, browserName: chrome, browserVersion: 129.0.6668.100, chrome: {chromedriverVersion: 129.0.6668.100 (cf58cba358d..., userDataDir: C:\Users\rudre\AppData\Loca...}, fedcm:accounts: true, goog:chromeOptions: {debuggerAddress: localhost:59796}, networkConnectionEnabled: false, pageLoadStrategy: normal, platformName: windows, proxy: Proxy(), se:cdp: ws://localhost:59796/devtoo..., se:cdpVersion: 129.0.6668.100, setWindowRect: true, strictFileInteractability: false, timeouts: {implicit: 0, pageLoad: 300000, script: 30000}, unhandledPromptBehavior: dismiss and notify, webauthn:extension:credBlob: true, webauthn:extension:largeBlob: true, webauthn:extension:minPinLength: true, webauthn:extension:prf: true, webauthn:virtualAuthenticators: true}
Session ID: 1871a32678ce16360af3c20a3d8f3849
	at org.openqa.selenium.remote.ErrorCodec.decode(ErrorCodec.java:167)
	at org.openqa.selenium.remote.codec.w3c.W3CHttpResponseCodec.decode(W3CHttpResponseCodec.java:138)
	at org.openqa.selenium.remote.codec.w3c.W3CHttpResponseCodec.decode(W3CHttpResponseCodec.java:50)
	at org.openqa.selenium.remote.HttpCommandExecutor.execute(HttpCommandExecutor.java:190)
	at org.openqa.selenium.remote.service.DriverCommandExecutor.invokeExecute(DriverCommandExecutor.java:216)
	at org.openqa.selenium.remote.service.DriverCommandExecutor.execute(DriverCommandExecutor.java:174)
	at org.openqa.selenium.remote.RemoteWebDriver.execute(RemoteWebDriver.java:518)
	at org.openqa.selenium.remote.ElementLocation$ElementFinder$2.findElement(ElementLocation.java:165)
	at org.openqa.selenium.remote.ElementLocation.findElement(ElementLocation.java:59)
	at org.openqa.selenium.remote.RemoteWebDriver.findElement(RemoteWebDriver.java:355)
	at org.openqa.selenium.remote.RemoteWebDriver.findElement(RemoteWebDriver.java:349)
	at org.openqa.selenium.support.pagefactory.DefaultElementLocator.findElement(DefaultElementLocator.java:68)
	at org.openqa.selenium.support.pagefactory.internal.LocatingElementHandler.invoke(LocatingElementHandler.java:38)
	at jdk.proxy2/jdk.proxy2.$Proxy13.isDisplayed(Unknown Source)
	at org.openqa.selenium.support.ui.ExpectedConditions.elementIfVisible(ExpectedConditions.java:304)
	at org.openqa.selenium.support.ui.ExpectedConditions$10.apply(ExpectedConditions.java:290)
	at org.openqa.selenium.support.ui.ExpectedConditions$10.apply(ExpectedConditions.java:287)
	at org.openqa.selenium.support.ui.FluentWait.until(FluentWait.java:203)
	at pageObjects.HerokuAppDynamicControls.clickOnAddButton(HerokuAppDynamicControls.java:43)
	at tests.HerokuAppDynamicControlsTestCases.TestCaseClickAddButton(HerokuAppDynamicControlsTestCases.java:40)
... Removed 29 stack frames</div></td></tr></table><p class="totop"><a href="#summary">back to summary</a></p><h3 id="m1">tests.HerokuAppDynamicControlsTestCases#TestCaseClickDisableButton</h3><table class="result"><tr><th>Exception</th></tr><tr><td><div class="stacktrace">org.openqa.selenium.InvalidSelectorException: invalid selector
from javascript error: {&quot;status&quot;:32,&quot;value&quot;:&quot;Unable to locate an element with the xpath expression //p[text()=&apos;It&apos;s enabled!&apos;] because of the following error:\nSyntaxError: Failed to execute &apos;evaluate&apos; on &apos;Document&apos;: The string &apos;//p[text()=&apos;It&apos;s enabled!&apos;]&apos; is not a valid XPath expression.&quot;}
  (Session info: chrome=129.0.6668.100)
For documentation on this error, please visit: https://www.selenium.dev/documentation/webdriver/troubleshooting/errors#invalid-selector-exception
Build info: version: &apos;4.20.0&apos;, revision: &apos;866c76ca80&apos;
System info: os.name: &apos;Windows 11&apos;, os.arch: &apos;amd64&apos;, os.version: &apos;10.0&apos;, java.version: &apos;17.0.11&apos;
Driver info: org.openqa.selenium.chrome.ChromeDriver
Command: [1871a32678ce16360af3c20a3d8f3849, findElement {value=//p[text()=&apos;It&apos;s enabled!&apos;], using=xpath}]
Capabilities {acceptInsecureCerts: false, browserName: chrome, browserVersion: 129.0.6668.100, chrome: {chromedriverVersion: 129.0.6668.100 (cf58cba358d..., userDataDir: C:\Users\rudre\AppData\Loca...}, fedcm:accounts: true, goog:chromeOptions: {debuggerAddress: localhost:59796}, networkConnectionEnabled: false, pageLoadStrategy: normal, platformName: windows, proxy: Proxy(), se:cdp: ws://localhost:59796/devtoo..., se:cdpVersion: 129.0.6668.100, setWindowRect: true, strictFileInteractability: false, timeouts: {implicit: 0, pageLoad: 300000, script: 30000}, unhandledPromptBehavior: dismiss and notify, webauthn:extension:credBlob: true, webauthn:extension:largeBlob: true, webauthn:extension:minPinLength: true, webauthn:extension:prf: true, webauthn:virtualAuthenticators: true}
Session ID: 1871a32678ce16360af3c20a3d8f3849
	at org.openqa.selenium.remote.ErrorCodec.decode(ErrorCodec.java:167)
	at org.openqa.selenium.remote.codec.w3c.W3CHttpResponseCodec.decode(W3CHttpResponseCodec.java:138)
	at org.openqa.selenium.remote.codec.w3c.W3CHttpResponseCodec.decode(W3CHttpResponseCodec.java:50)
	at org.openqa.selenium.remote.HttpCommandExecutor.execute(HttpCommandExecutor.java:190)
	at org.openqa.selenium.remote.service.DriverCommandExecutor.invokeExecute(DriverCommandExecutor.java:216)
	at org.openqa.selenium.remote.service.DriverCommandExecutor.execute(DriverCommandExecutor.java:174)
	at org.openqa.selenium.remote.RemoteWebDriver.execute(RemoteWebDriver.java:518)
	at org.openqa.selenium.remote.ElementLocation$ElementFinder$2.findElement(ElementLocation.java:165)
	at org.openqa.selenium.remote.ElementLocation.findElement(ElementLocation.java:59)
	at org.openqa.selenium.remote.RemoteWebDriver.findElement(RemoteWebDriver.java:355)
	at org.openqa.selenium.remote.RemoteWebDriver.findElement(RemoteWebDriver.java:349)
	at org.openqa.selenium.support.pagefactory.DefaultElementLocator.findElement(DefaultElementLocator.java:68)
	at org.openqa.selenium.support.pagefactory.internal.LocatingElementHandler.invoke(LocatingElementHandler.java:38)
	at jdk.proxy2/jdk.proxy2.$Proxy13.isDisplayed(Unknown Source)
	at org.openqa.selenium.support.ui.ExpectedConditions.elementIfVisible(ExpectedConditions.java:304)
	at org.openqa.selenium.support.ui.ExpectedConditions$10.apply(ExpectedConditions.java:290)
	at org.openqa.selenium.support.ui.ExpectedConditions$10.apply(ExpectedConditions.java:287)
	at org.openqa.selenium.support.ui.FluentWait.until(FluentWait.java:203)
	at pageObjects.HerokuAppDynamicControls.clickOnDisableButton(HerokuAppDynamicControls.java:52)
	at tests.HerokuAppDynamicControlsTestCases.TestCaseClickDisableButton(HerokuAppDynamicControlsTestCases.java:50)
... Removed 29 stack frames</div></td></tr></table><p class="totop"><a href="#summary">back to summary</a></p><h3 id="m2">tests.HerokuAppDynamicContentTestCases#TestCaseVerifyContent</h3><table class="result"></table><p class="totop"><a href="#summary">back to summary</a></p><h3 id="m3">tests.HerokuAppDynamicControlsTestCases#TestCaseClickEnableButton</h3><table class="result"></table><p class="totop"><a href="#summary">back to summary</a></p><h3 id="m4">tests.HerokuAppDynamicControlsTestCases#TestCaseClickRemoveButton</h3><table class="result"></table><p class="totop"><a href="#summary">back to summary</a></p><h3 id="m5">tests.HerokuAppDynamicControlsTestCases#TestCaseVerifyCheckbox</h3><table class="result"></table><p class="totop"><a href="#summary">back to summary</a></p><h3 id="m6">tests.HerokuAppUploadTest#TestCaseVerifyFileUpload</h3><table class="result"></table><p class="totop"><a href="#summary">back to summary</a></p><h3 id="m7">tests.PracticeFormTestCases#TestCaseCheckHobbies1</h3><table class="result"></table><p class="totop"><a href="#summary">back to summary</a></p><h3 id="m8">tests.PracticeFormTestCases#TestCaseCheckHobbies2</h3><table class="result"></table><p class="totop"><a href="#summary">back to summary</a></p><h3 id="m9">tests.PracticeFormTestCases#TestCaseCheckHobbies3</h3><table class="result"></table><p class="totop"><a href="#summary">back to summary</a></p><h3 id="m10">tests.PracticeFormTestCases#TestCaseEnterDOB</h3><table class="result"></table><p class="totop"><a href="#summary">back to summary</a></p><h3 id="m11">tests.PracticeFormTestCases#TestCaseEnterFirstName</h3><table class="result"></table><p class="totop"><a href="#summary">back to summary</a></p><h3 id="m12">tests.PracticeFormTestCases#TestCaseEnterLastName</h3><table class="result"></table><p class="totop"><a href="#summary">back to summary</a></p><h3 id="m13">tests.PracticeFormTestCases#TestCaseEnterNumber</h3><table class="result"></table><p class="totop"><a href="#summary">back to summary</a></p><h3 id="m14">tests.PracticeFormTestCases#TestCaseEnterSubjects</h3><table class="result"></table><p class="totop"><a href="#summary">back to summary</a></p><h3 id="m15">tests.PracticeFormTestCases#TestCaseEnterUserAddress</h3><table class="result"></table><p class="totop"><a href="#summary">back to summary</a></p><h3 id="m16">tests.PracticeFormTestCases#TestCaseEnterUserEmail</h3><table class="result"></table><p class="totop"><a href="#summary">back to summary</a></p><h3 id="m17">tests.PracticeFormTestCases#TestCaseEnterUserSateAndCity</h3><table class="result"></table><p class="totop"><a href="#summary">back to summary</a></p><h3 id="m18">tests.PracticeFormTestCases#TestCaseSelectGender</h3><table class="result"></table><p class="totop"><a href="#summary">back to summary</a></p><h3 id="m19">tests.PracticeFormTestCases#TestCaseUploadProfilePicture</h3><table class="result"></table><p class="totop"><a href="#summary">back to summary</a></p></body></html>